10:13:23:290 [ALWAYS]	GUDE Logging Started
10:13:23:290 [INFO]	SqliteResumeCache::SqliteResumeCache basedirectory is null/empty
10:13:23:290 [ERROR]	SqliteResumeCache::CreateSqliteResumeCache creating resume cache pointer failure
10:13:23:290 [ERROR]	Initialize resume cache pointer failure
10:13:23:291 [INFO]	gude policy POLICY_USER limit (2,2,1) chunk 2097152, chunking (UL 0 DL 1), resXfer 1, adapt 0, NSURL 0, timeout 86400 
10:13:23:291 [INFO]	Initialized -- gude-lib version: v0.12.1 app: gude
10:13:28:133 [WARN]	Ignoring attempt to reinit logging to \gude at level 4 retaining 3 days of logs
10:13:28:133 [INFO]	SqliteResumeCache::SqliteResumeCache basedirectory is null/empty
10:13:28:133 [ERROR]	SqliteResumeCache::CreateSqliteResumeCache creating resume cache pointer failure
10:13:28:133 [ERROR]	Initialize resume cache pointer failure
10:13:28:133 [INFO]	gude policy POLICY_USER limit (4,4,1) chunk 2097152, chunking (UL 0 DL 1), resXfer 1, adapt 0, NSURL 1, timeout 86400 
10:13:28:133 [INFO]	Initialized -- gude-lib version: v0.12.1 app: gude
10:15:00:015 [ALWAYS]	GUDE Logging Started
10:15:00:015 [INFO]	SqliteResumeCache::SqliteResumeCache basedirectory is null/empty
10:15:00:015 [ERROR]	SqliteResumeCache::CreateSqliteResumeCache creating resume cache pointer failure
10:15:00:015 [ERROR]	Initialize resume cache pointer failure
10:15:00:015 [INFO]	gude policy POLICY_USER limit (2,2,1) chunk 2097152, chunking (UL 0 DL 1), resXfer 1, adapt 0, NSURL 0, timeout 86400 
10:15:00:015 [INFO]	Initialized -- gude-lib version: v0.12.1 app: gude
10:15:06:916 [WARN]	Ignoring attempt to reinit logging to \gude at level 4 retaining 3 days of logs
10:15:06:916 [INFO]	SqliteResumeCache::SqliteResumeCache basedirectory is null/empty
10:15:06:916 [ERROR]	SqliteResumeCache::CreateSqliteResumeCache creating resume cache pointer failure
10:15:06:916 [ERROR]	Initialize resume cache pointer failure
10:15:06:916 [INFO]	gude policy POLICY_USER limit (4,4,1) chunk 2097152, chunking (UL 0 DL 1), resXfer 1, adapt 0, NSURL 1, timeout 86400 
10:15:06:916 [INFO]	Initialized -- gude-lib version: v0.12.1 app: gude
